This file contains any messages produced by compilers while
running configure, to aid debugging if configure makes a mistake.

It was created by LIA_RAL configure 3.0, which was
generated by GNU Autoconf 2.65.  Invocation command line was

  $ ./configure 

## --------- ##
## Platform. ##
## --------- ##

hostname = xiaozhuodeMacBook-Pro.local
uname -m = x86_64
uname -r = 16.0.0
uname -s = Darwin
uname -v = Darwin Kernel Version 16.0.0: Mon Aug 29 17:56:10 PDT 2016; root:xnu-3789.1.32~4/RELEASE_X86_64

/usr/bin/uname -p = i386
/bin/uname -X     = unknown

/bin/arch              = unknown
/usr/bin/arch -k       = unknown
/usr/convex/getsysinfo = unknown
/usr/bin/hostinfo      = Mach kernel version:
	 Darwin Kernel Version 16.0.0: Mon Aug 29 17:56:10 PDT 2016; root:xnu-3789.1.32~4/RELEASE_X86_64
Kernel configured for up to 4 processors.
2 processors are physically available.
4 processors are logically available.
Processor type: x86_64h (Intel x86-64h Haswell)
Processors active: 0 1 2 3
Primary memory available: 8.00 gigabytes
Default processor set: 264 tasks, 1025 threads, 4 processors
Load average: 1.18, Mach factor: 2.81
/bin/machine           = unknown
/usr/bin/oslevel       = unknown
/bin/universe          = unknown

PATH: /usr/local/bin
PATH: /usr/bin
PATH: /bin
PATH: /usr/sbin
PATH: /sbin


## ----------- ##
## Core tests. ##
## ----------- ##

configure:2281: checking for a BSD-compatible install
configure:2349: result: /usr/bin/install -c
configure:2360: checking whether build environment is sane
configure:2410: result: yes
configure:2551: checking for a thread-safe mkdir -p
configure:2590: result: ./install-sh -c -d
configure:2603: checking for gawk
configure:2633: result: no
configure:2603: checking for mawk
configure:2633: result: no
configure:2603: checking for nawk
configure:2633: result: no
configure:2603: checking for awk
configure:2619: found /usr/bin/awk
configure:2630: result: awk
configure:2641: checking whether make sets $(MAKE)
configure:2663: result: yes
configure:2803: checking for g++
configure:2819: found /usr/bin/g++
configure:2830: result: g++
configure:2857: checking for C++ compiler version
configure:2866: g++ --version >&5
Apple LLVM version 8.1.0 (clang-802.0.38)
Target: x86_64-apple-darwin16.0.0
Thread model: posix
InstalledDir: /Applications/Xcode.app/Contents/Developer/Toolchains/XcodeDefault.xctoolchain/usr/bin
Configured with: --prefix=/Applications/Xcode.app/Contents/Developer/usr --with-gxx-include-dir=/Applications/Xcode.app/Contents/Developer/Platforms/MacOSX.platform/Developer/SDKs/MacOSX10.12.sdk/usr/include/c++/4.2.1
configure:2877: $? = 0
configure:2866: g++ -v >&5
Configured with: --prefix=/Applications/Xcode.app/Contents/Developer/usr --with-gxx-include-dir=/Applications/Xcode.app/Contents/Developer/Platforms/MacOSX.platform/Developer/SDKs/MacOSX10.12.sdk/usr/include/c++/4.2.1
Apple LLVM version 8.1.0 (clang-802.0.38)
Target: x86_64-apple-darwin16.0.0
Thread model: posix
InstalledDir: /Applications/Xcode.app/Contents/Developer/Toolchains/XcodeDefault.xctoolchain/usr/bin
configure:2877: $? = 0
configure:2866: g++ -V >&5
clang: error: argument to '-V' is missing (expected 1 value)
clang: error: no input files
configure:2877: $? = 1
configure:2866: g++ -qversion >&5
clang: error: unknown argument: '-qversion'
clang: error: no input files
configure:2877: $? = 1
configure:2897: checking whether the C++ compiler works
configure:2919: g++    conftest.cpp  >&5
configure:2923: $? = 0
configure:2972: result: yes
configure:2975: checking for C++ compiler default output file name
configure:2977: result: a.out
configure:2983: checking for suffix of executables
configure:2990: g++ -o conftest    conftest.cpp  >&5
configure:2994: $? = 0
configure:3016: result: 
configure:3038: checking whether we are cross compiling
configure:3046: g++ -o conftest    conftest.cpp  >&5
configure:3050: $? = 0
configure:3057: ./conftest
configure:3061: $? = 0
configure:3076: result: no
configure:3081: checking for suffix of object files
configure:3103: g++ -c   conftest.cpp >&5
configure:3107: $? = 0
configure:3128: result: o
configure:3132: checking whether we are using the GNU C++ compiler
configure:3151: g++ -c   conftest.cpp >&5
configure:3151: $? = 0
configure:3160: result: yes
configure:3169: checking whether g++ accepts -g
configure:3189: g++ -c -g  conftest.cpp >&5
configure:3189: $? = 0
configure:3230: result: yes
configure:3264: checking for style of include used by make
configure:3292: result: GNU
configure:3317: checking dependency style of g++
configure:3427: result: gcc3
configure:3490: checking for gcc
configure:3506: found /usr/bin/gcc
configure:3517: result: gcc
configure:3746: checking for C compiler version
configure:3755: gcc --version >&5
Apple LLVM version 8.1.0 (clang-802.0.38)
Target: x86_64-apple-darwin16.0.0
Thread model: posix
InstalledDir: /Applications/Xcode.app/Contents/Developer/Toolchains/XcodeDefault.xctoolchain/usr/bin
Configured with: --prefix=/Applications/Xcode.app/Contents/Developer/usr --with-gxx-include-dir=/Applications/Xcode.app/Contents/Developer/Platforms/MacOSX.platform/Developer/SDKs/MacOSX10.12.sdk/usr/include/c++/4.2.1
configure:3766: $? = 0
configure:3755: gcc -v >&5
Configured with: --prefix=/Applications/Xcode.app/Contents/Developer/usr --with-gxx-include-dir=/Applications/Xcode.app/Contents/Developer/Platforms/MacOSX.platform/Developer/SDKs/MacOSX10.12.sdk/usr/include/c++/4.2.1
Apple LLVM version 8.1.0 (clang-802.0.38)
Target: x86_64-apple-darwin16.0.0
Thread model: posix
InstalledDir: /Applications/Xcode.app/Contents/Developer/Toolchains/XcodeDefault.xctoolchain/usr/bin
configure:3766: $? = 0
configure:3755: gcc -V >&5
clang: error: argument to '-V' is missing (expected 1 value)
clang: error: no input files
configure:3766: $? = 1
configure:3755: gcc -qversion >&5
clang: error: unknown argument: '-qversion'
clang: error: no input files
configure:3766: $? = 1
configure:3770: checking whether we are using the GNU C compiler
configure:3789: gcc -c   conftest.c >&5
configure:3789: $? = 0
configure:3798: result: yes
configure:3807: checking whether gcc accepts -g
configure:3827: gcc -c -g  conftest.c >&5
configure:3827: $? = 0
configure:3868: result: yes
configure:3885: checking for gcc option to accept ISO C89
configure:3949: gcc  -c -g -O2  conftest.c >&5
configure:3949: $? = 0
configure:3962: result: none needed
configure:3984: checking dependency style of gcc
configure:4094: result: gcc3
configure:4109: checking whether ln -s works
configure:4113: result: yes
configure:4120: checking whether make sets $(MAKE)
configure:4142: result: yes
configure:4194: checking for ranlib
configure:4210: found /usr/bin/ranlib
configure:4221: result: ranlib
configure:4315: checking for /Users/xiaozhuo/Documents/ALIZE/LIA_RAL/../alize-core/lib/libalize_Darwin_x86_64.a
configure:4329: result: yes
configure:4337: checking for /Users/xiaozhuo/Documents/ALIZE/LIA_RAL/../alize-core/lib/libalize.a
configure:4351: result: no
configure:4391: checking how to run the C preprocessor
configure:4422: gcc -E  conftest.c
configure:4422: $? = 0
configure:4436: gcc -E  conftest.c
conftest.c:11:10: fatal error: 'ac_nonexistent.h' file not found
#include <ac_nonexistent.h>
         ^
1 error generated.
configure:4436: $? = 1
configure: failed program was:
| /* confdefs.h */
| #define PACKAGE_NAME "LIA_RAL"
| #define PACKAGE_TARNAME "lia_ral"
| #define PACKAGE_VERSION "3.0"
| #define PACKAGE_STRING "LIA_RAL 3.0"
| #define PACKAGE_BUGREPORT "dev-alize@listes.univ-avignon.fr"
| #define PACKAGE_URL ""
| #define PACKAGE "lia_ral"
| #define VERSION "3.0"
| /* end confdefs.h.  */
| #include <ac_nonexistent.h>
configure:4461: result: gcc -E
configure:4481: gcc -E  conftest.c
configure:4481: $? = 0
configure:4495: gcc -E  conftest.c
conftest.c:11:10: fatal error: 'ac_nonexistent.h' file not found
#include <ac_nonexistent.h>
         ^
1 error generated.
configure:4495: $? = 1
configure: failed program was:
| /* confdefs.h */
| #define PACKAGE_NAME "LIA_RAL"
| #define PACKAGE_TARNAME "lia_ral"
| #define PACKAGE_VERSION "3.0"
| #define PACKAGE_STRING "LIA_RAL 3.0"
| #define PACKAGE_BUGREPORT "dev-alize@listes.univ-avignon.fr"
| #define PACKAGE_URL ""
| #define PACKAGE "lia_ral"
| #define VERSION "3.0"
| /* end confdefs.h.  */
| #include <ac_nonexistent.h>
configure:4524: checking for grep that handles long lines and -e
configure:4582: result: /usr/bin/grep
configure:4587: checking for egrep
configure:4649: result: /usr/bin/grep -E
configure:4654: checking for ANSI C header files
configure:4674: gcc -c -g -O2  conftest.c >&5
configure:4674: $? = 0
configure:4747: gcc -o conftest -g -O2   conftest.c  >&5
configure:4747: $? = 0
configure:4747: ./conftest
configure:4747: $? = 0
configure:4758: result: yes
configure:4771: checking for sys/types.h
configure:4771: gcc -c -g -O2  conftest.c >&5
configure:4771: $? = 0
configure:4771: result: yes
configure:4771: checking for sys/stat.h
configure:4771: gcc -c -g -O2  conftest.c >&5
configure:4771: $? = 0
configure:4771: result: yes
configure:4771: checking for stdlib.h
configure:4771: gcc -c -g -O2  conftest.c >&5
configure:4771: $? = 0
configure:4771: result: yes
configure:4771: checking for string.h
configure:4771: gcc -c -g -O2  conftest.c >&5
configure:4771: $? = 0
configure:4771: result: yes
configure:4771: checking for memory.h
configure:4771: gcc -c -g -O2  conftest.c >&5
configure:4771: $? = 0
configure:4771: result: yes
configure:4771: checking for strings.h
configure:4771: gcc -c -g -O2  conftest.c >&5
configure:4771: $? = 0
configure:4771: result: yes
configure:4771: checking for inttypes.h
configure:4771: gcc -c -g -O2  conftest.c >&5
configure:4771: $? = 0
configure:4771: result: yes
configure:4771: checking for stdint.h
configure:4771: gcc -c -g -O2  conftest.c >&5
configure:4771: $? = 0
configure:4771: result: yes
configure:4771: checking for unistd.h
configure:4771: gcc -c -g -O2  conftest.c >&5
configure:4771: $? = 0
configure:4771: result: yes
configure:4824: checking for ANSI C header files
configure:4928: result: yes
configure:4939: checking fcntl.h usability
configure:4939: gcc -c -g -O2  conftest.c >&5
configure:4939: $? = 0
configure:4939: result: yes
configure:4939: checking fcntl.h presence
configure:4939: gcc -E  conftest.c
configure:4939: $? = 0
configure:4939: result: yes
configure:4939: checking for fcntl.h
configure:4939: result: yes
configure:4939: checking float.h usability
configure:4939: gcc -c -g -O2  conftest.c >&5
configure:4939: $? = 0
configure:4939: result: yes
configure:4939: checking float.h presence
configure:4939: gcc -E  conftest.c
configure:4939: $? = 0
configure:4939: result: yes
configure:4939: checking for float.h
configure:4939: result: yes
configure:4939: checking netinet/in.h usability
configure:4939: gcc -c -g -O2  conftest.c >&5
configure:4939: $? = 0
configure:4939: result: yes
configure:4939: checking netinet/in.h presence
configure:4939: gcc -E  conftest.c
configure:4939: $? = 0
configure:4939: result: yes
configure:4939: checking for netinet/in.h
configure:4939: result: yes
configure:4939: checking for stdlib.h
configure:4939: result: yes
configure:4939: checking for string.h
configure:4939: result: yes
configure:4939: checking for strings.h
configure:4939: result: yes
configure:4939: checking sys/time.h usability
configure:4939: gcc -c -g -O2  conftest.c >&5
configure:4939: $? = 0
configure:4939: result: yes
configure:4939: checking sys/time.h presence
configure:4939: gcc -E  conftest.c
configure:4939: $? = 0
configure:4939: result: yes
configure:4939: checking for sys/time.h
configure:4939: result: yes
configure:4939: checking for unistd.h
configure:4939: result: yes
configure:4952: checking for stdbool.h that conforms to C99
configure:5037: gcc -c -g -O2  conftest.c >&5
conftest.c:57:12: warning: address of 's' will always evaluate to 'true' [-Wpointer-bool-conversion]
        bool e = &s;
             ~    ^
conftest.c:101:11: warning: address of array 'a' will always evaluate to 'true' [-Wpointer-bool-conversion]
        return (!a + !b + !c + !d + !e + !f + !g + !h + !i + !!j + !k + !!l
                ~^
conftest.c:101:16: warning: address of array 'b' will always evaluate to 'true' [-Wpointer-bool-conversion]
        return (!a + !b + !c + !d + !e + !f + !g + !h + !i + !!j + !k + !!l
                     ~^
conftest.c:101:21: warning: address of array 'c' will always evaluate to 'true' [-Wpointer-bool-conversion]
        return (!a + !b + !c + !d + !e + !f + !g + !h + !i + !!j + !k + !!l
                          ~^
conftest.c:101:26: warning: address of array 'd' will always evaluate to 'true' [-Wpointer-bool-conversion]
        return (!a + !b + !c + !d + !e + !f + !g + !h + !i + !!j + !k + !!l
                               ~^
conftest.c:101:36: warning: address of array 'f' will always evaluate to 'true' [-Wpointer-bool-conversion]
        return (!a + !b + !c + !d + !e + !f + !g + !h + !i + !!j + !k + !!l
                                         ~^
conftest.c:101:41: warning: address of array 'g' will always evaluate to 'true' [-Wpointer-bool-conversion]
        return (!a + !b + !c + !d + !e + !f + !g + !h + !i + !!j + !k + !!l
                                              ~^
conftest.c:101:46: warning: address of array 'h' will always evaluate to 'true' [-Wpointer-bool-conversion]
        return (!a + !b + !c + !d + !e + !f + !g + !h + !i + !!j + !k + !!l
                                                   ~^
conftest.c:101:51: warning: address of array 'i' will always evaluate to 'true' [-Wpointer-bool-conversion]
        return (!a + !b + !c + !d + !e + !f + !g + !h + !i + !!j + !k + !!l
                                                        ~^
conftest.c:102:11: warning: address of array 'n' will always evaluate to 'true' [-Wpointer-bool-conversion]
                       ~^
conftest.c:102:16: warning: address of array 'o' will always evaluate to 'true' [-Wpointer-bool-conversion]
                            ~^
conftest.c:102:21: warning: address of array 'p' will always evaluate to 'true' [-Wpointer-bool-conversion]
                                 ~^
12 warnings generated.
configure:5037: $? = 0
configure:5044: result: yes
configure:5046: checking for _Bool
configure:5046: gcc -c -g -O2  conftest.c >&5
configure:5046: $? = 0
configure:5046: gcc -c -g -O2  conftest.c >&5
conftest.c:66:20: error: expected expression
if (sizeof ((_Bool)))
                   ^
1 error generated.
configure:5046: $? = 1
configure: failed program was:
| /* confdefs.h */
| #define PACKAGE_NAME "LIA_RAL"
| #define PACKAGE_TARNAME "lia_ral"
| #define PACKAGE_VERSION "3.0"
| #define PACKAGE_STRING "LIA_RAL 3.0"
| #define PACKAGE_BUGREPORT "dev-alize@listes.univ-avignon.fr"
| #define PACKAGE_URL ""
| #define PACKAGE "lia_ral"
| #define VERSION "3.0"
| #define STDC_HEADERS 1
| #define HAVE_SYS_TYPES_H 1
| #define HAVE_SYS_STAT_H 1
| #define HAVE_STDLIB_H 1
| #define HAVE_STRING_H 1
| #define HAVE_MEMORY_H 1
| #define HAVE_STRINGS_H 1
| #define HAVE_INTTYPES_H 1
| #define HAVE_STDINT_H 1
| #define HAVE_UNISTD_H 1
| #define STDC_HEADERS 1
| #define HAVE_FCNTL_H 1
| #define HAVE_FLOAT_H 1
| #define HAVE_NETINET_IN_H 1
| #define HAVE_STDLIB_H 1
| #define HAVE_STRING_H 1
| #define HAVE_STRINGS_H 1
| #define HAVE_SYS_TIME_H 1
| #define HAVE_UNISTD_H 1
| /* end confdefs.h.  */
| #include <stdio.h>
| #ifdef HAVE_SYS_TYPES_H
| # include <sys/types.h>
| #endif
| #ifdef HAVE_SYS_STAT_H
| # include <sys/stat.h>
| #endif
| #ifdef STDC_HEADERS
| # include <stdlib.h>
| # include <stddef.h>
| #else
| # ifdef HAVE_STDLIB_H
| #  include <stdlib.h>
| # endif
| #endif
| #ifdef HAVE_STRING_H
| # if !defined STDC_HEADERS && defined HAVE_MEMORY_H
| #  include <memory.h>
| # endif
| # include <string.h>
| #endif
| #ifdef HAVE_STRINGS_H
| # include <strings.h>
| #endif
| #ifdef HAVE_INTTYPES_H
| # include <inttypes.h>
| #endif
| #ifdef HAVE_STDINT_H
| # include <stdint.h>
| #endif
| #ifdef HAVE_UNISTD_H
| # include <unistd.h>
| #endif
| int
| main ()
| {
| if (sizeof ((_Bool)))
| 	    return 0;
|   ;
|   return 0;
| }
configure:5046: result: yes
configure:5062: checking for an ANSI C-conforming const
configure:5127: gcc -c -g -O2  conftest.c >&5
configure:5127: $? = 0
configure:5134: result: yes
configure:5142: checking for inline
configure:5158: gcc -c -g -O2  conftest.c >&5
configure:5158: $? = 0
configure:5166: result: inline
configure:5184: checking for working volatile
configure:5203: gcc -c -g -O2  conftest.c >&5
configure:5203: $? = 0
configure:5210: result: yes
configure:5222: checking for stdlib.h
configure:5222: result: yes
configure:5232: checking for GNU libc compatible malloc
configure:5256: gcc -o conftest -g -O2   conftest.c  >&5
configure:5256: $? = 0
configure:5256: ./conftest
configure:5256: $? = 0
configure:5266: result: yes
configure:5289: checking for stdlib.h
configure:5289: result: yes
configure:5299: checking for GNU libc compatible realloc
configure:5323: gcc -o conftest -g -O2   conftest.c  >&5
configure:5323: $? = 0
configure:5323: ./conftest
configure:5323: $? = 0
configure:5333: result: yes
configure:5354: checking whether lstat correctly handles trailing slash
configure:5380: gcc -o conftest -g -O2   conftest.c  >&5
configure:5380: $? = 0
configure:5380: ./conftest
configure:5380: $? = 1
configure: program exited with status 1
configure: failed program was:
| /* confdefs.h */
| #define PACKAGE_NAME "LIA_RAL"
| #define PACKAGE_TARNAME "lia_ral"
| #define PACKAGE_VERSION "3.0"
| #define PACKAGE_STRING "LIA_RAL 3.0"
| #define PACKAGE_BUGREPORT "dev-alize@listes.univ-avignon.fr"
| #define PACKAGE_URL ""
| #define PACKAGE "lia_ral"
| #define VERSION "3.0"
| #define STDC_HEADERS 1
| #define HAVE_SYS_TYPES_H 1
| #define HAVE_SYS_STAT_H 1
| #define HAVE_STDLIB_H 1
| #define HAVE_STRING_H 1
| #define HAVE_MEMORY_H 1
| #define HAVE_STRINGS_H 1
| #define HAVE_INTTYPES_H 1
| #define HAVE_STDINT_H 1
| #define HAVE_UNISTD_H 1
| #define STDC_HEADERS 1
| #define HAVE_FCNTL_H 1
| #define HAVE_FLOAT_H 1
| #define HAVE_NETINET_IN_H 1
| #define HAVE_STDLIB_H 1
| #define HAVE_STRING_H 1
| #define HAVE_STRINGS_H 1
| #define HAVE_SYS_TIME_H 1
| #define HAVE_UNISTD_H 1
| #define HAVE__BOOL 1
| #define HAVE_STDBOOL_H 1
| #define HAVE_STDLIB_H 1
| #define HAVE_MALLOC 1
| #define HAVE_STDLIB_H 1
| #define HAVE_REALLOC 1
| /* end confdefs.h.  */
| #include <stdio.h>
| #ifdef HAVE_SYS_TYPES_H
| # include <sys/types.h>
| #endif
| #ifdef HAVE_SYS_STAT_H
| # include <sys/stat.h>
| #endif
| #ifdef STDC_HEADERS
| # include <stdlib.h>
| # include <stddef.h>
| #else
| # ifdef HAVE_STDLIB_H
| #  include <stdlib.h>
| # endif
| #endif
| #ifdef HAVE_STRING_H
| # if !defined STDC_HEADERS && defined HAVE_MEMORY_H
| #  include <memory.h>
| # endif
| # include <string.h>
| #endif
| #ifdef HAVE_STRINGS_H
| # include <strings.h>
| #endif
| #ifdef HAVE_INTTYPES_H
| # include <inttypes.h>
| #endif
| #ifdef HAVE_STDINT_H
| # include <stdint.h>
| #endif
| #ifdef HAVE_UNISTD_H
| # include <unistd.h>
| #endif
| int
| main ()
| {
| struct stat sbuf;
|      /* Linux will dereference the symlink and fail, as required by POSIX.
| 	That is better in the sense that it means we will not
| 	have to compile and use the lstat wrapper.  */
|      return lstat ("conftest.sym/", &sbuf) == 0;
|   ;
|   return 0;
| }
configure:5397: result: no
configure:5416: checking whether stat accepts an empty string
configure:5436: gcc -o conftest -g -O2   conftest.c  >&5
configure:5436: $? = 0
configure:5436: ./conftest
configure:5436: $? = 0
configure:5446: result: no
configure:5464: checking for vprintf
configure:5464: gcc -o conftest -g -O2   conftest.c  >&5
conftest.c:59:6: warning: incompatible redeclaration of library function 'vprintf' [-Wincompatible-library-redeclaration]
char vprintf ();
     ^
conftest.c:59:6: note: 'vprintf' is a builtin with type 'int (const char *, struct __va_list_tag *)'
1 warning generated.
configure:5464: $? = 0
configure:5464: result: yes
configure:5470: checking for _doprnt
configure:5470: gcc -o conftest -g -O2   conftest.c  >&5
Undefined symbols for architecture x86_64:
  "__doprnt", referenced from:
      _main in conftest-90f839.o
ld: symbol(s) not found for architecture x86_64
clang: error: linker command failed with exit code 1 (use -v to see invocation)
configure:5470: $? = 1
configure: failed program was:
| /* confdefs.h */
| #define PACKAGE_NAME "LIA_RAL"
| #define PACKAGE_TARNAME "lia_ral"
| #define PACKAGE_VERSION "3.0"
| #define PACKAGE_STRING "LIA_RAL 3.0"
| #define PACKAGE_BUGREPORT "dev-alize@listes.univ-avignon.fr"
| #define PACKAGE_URL ""
| #define PACKAGE "lia_ral"
| #define VERSION "3.0"
| #define STDC_HEADERS 1
| #define HAVE_SYS_TYPES_H 1
| #define HAVE_SYS_STAT_H 1
| #define HAVE_STDLIB_H 1
| #define HAVE_STRING_H 1
| #define HAVE_MEMORY_H 1
| #define HAVE_STRINGS_H 1
| #define HAVE_INTTYPES_H 1
| #define HAVE_STDINT_H 1
| #define HAVE_UNISTD_H 1
| #define STDC_HEADERS 1
| #define HAVE_FCNTL_H 1
| #define HAVE_FLOAT_H 1
| #define HAVE_NETINET_IN_H 1
| #define HAVE_STDLIB_H 1
| #define HAVE_STRING_H 1
| #define HAVE_STRINGS_H 1
| #define HAVE_SYS_TIME_H 1
| #define HAVE_UNISTD_H 1
| #define HAVE__BOOL 1
| #define HAVE_STDBOOL_H 1
| #define HAVE_STDLIB_H 1
| #define HAVE_MALLOC 1
| #define HAVE_STDLIB_H 1
| #define HAVE_REALLOC 1
| #define HAVE_VPRINTF 1
| /* end confdefs.h.  */
| /* Define _doprnt to an innocuous variant, in case <limits.h> declares _doprnt.
|    For example, HP-UX 11i <limits.h> declares gettimeofday.  */
| #define _doprnt innocuous__doprnt
| 
| /* System header to define __stub macros and hopefully few prototypes,
|     which can conflict with char _doprnt (); below.
|     Prefer <limits.h> to <assert.h> if __STDC__ is defined, since
|     <limits.h> exists even on freestanding compilers.  */
| 
| #ifdef __STDC__
| # include <limits.h>
| #else
| # include <assert.h>
| #endif
| 
| #undef _doprnt
| 
| /* Override any GCC internal prototype to avoid an error.
|    Use char because int might match the return type of a GCC
|    builtin and then its argument prototype would still apply.  */
| #ifdef __cplusplus
| extern "C"
| #endif
| char _doprnt ();
| /* The GNU C library defines this for functions which it implements
|     to always fail with ENOSYS.  Some functions are actually named
|     something starting with __ and the normal name is an alias.  */
| #if defined __stub__doprnt || defined __stub____doprnt
| choke me
| #endif
| 
| int
| main ()
| {
| return _doprnt ();
|   ;
|   return 0;
| }
configure:5470: result: no
configure:5484: checking for floor
configure:5484: gcc -o conftest -g -O2   conftest.c  >&5
conftest.c:60:6: warning: incompatible redeclaration of library function 'floor' [-Wincompatible-library-redeclaration]
char floor ();
     ^
conftest.c:60:6: note: 'floor' is a builtin with type 'double (double)'
1 warning generated.
configure:5484: $? = 0
configure:5484: result: yes
configure:5484: checking for memmove
configure:5484: gcc -o conftest -g -O2   conftest.c  >&5
conftest.c:61:6: warning: incompatible redeclaration of library function 'memmove' [-Wincompatible-library-redeclaration]
char memmove ();
     ^
conftest.c:61:6: note: 'memmove' is a builtin with type 'void *(void *, const void *, unsigned long)'
1 warning generated.
configure:5484: $? = 0
configure:5484: result: yes
configure:5484: checking for memset
configure:5484: gcc -o conftest -g -O2   conftest.c  >&5
conftest.c:62:6: warning: incompatible redeclaration of library function 'memset' [-Wincompatible-library-redeclaration]
char memset ();
     ^
conftest.c:62:6: note: 'memset' is a builtin with type 'void *(void *, int, unsigned long)'
1 warning generated.
configure:5484: $? = 0
configure:5484: result: yes
configure:5484: checking for pow
configure:5484: gcc -o conftest -g -O2   conftest.c  >&5
conftest.c:63:6: warning: incompatible redeclaration of library function 'pow' [-Wincompatible-library-redeclaration]
char pow ();
     ^
conftest.c:63:6: note: 'pow' is a builtin with type 'double (double, double)'
1 warning generated.
configure:5484: $? = 0
configure:5484: result: yes
configure:5484: checking for sqrt
configure:5484: gcc -o conftest -g -O2   conftest.c  >&5
conftest.c:64:6: warning: incompatible redeclaration of library function 'sqrt' [-Wincompatible-library-redeclaration]
char sqrt ();
     ^
conftest.c:64:6: note: 'sqrt' is a builtin with type 'double (double)'
1 warning generated.
configure:5484: $? = 0
configure:5484: result: yes
configure:5484: checking for strcasecmp
configure:5484: gcc -o conftest -g -O2   conftest.c  >&5
conftest.c:65:6: warning: incompatible redeclaration of library function 'strcasecmp' [-Wincompatible-library-redeclaration]
char strcasecmp ();
     ^
conftest.c:65:6: note: 'strcasecmp' is a builtin with type 'int (const char *, const char *)'
1 warning generated.
configure:5484: $? = 0
configure:5484: result: yes
configure:5484: checking for strdup
configure:5484: gcc -o conftest -g -O2   conftest.c  >&5
conftest.c:66:6: warning: incompatible redeclaration of library function 'strdup' [-Wincompatible-library-redeclaration]
char strdup ();
     ^
conftest.c:66:6: note: 'strdup' is a builtin with type 'char *(const char *)'
1 warning generated.
configure:5484: $? = 0
configure:5484: result: yes
configure:5660: creating ./config.status

## ---------------------- ##
## Running config.status. ##
## ---------------------- ##

This file was extended by LIA_RAL config.status 3.0, which was
generated by GNU Autoconf 2.65.  Invocation command line was

  CONFIG_FILES    = 
  CONFIG_HEADERS  = 
  CONFIG_LINKS    = 
  CONFIG_COMMANDS = 
  $ ./config.status 

on xiaozhuodeMacBook-Pro.local

config.status:878: creating LIA_SpkTools/Makefile
config.status:878: creating LIA_SpkTools/src/Makefile
config.status:878: creating LIA_SpkDet/Makefile
config.status:878: creating LIA_SpkDet/TrainWorld/Makefile
config.status:878: creating LIA_SpkDet/TrainWorld/src/Makefile
config.status:878: creating LIA_SpkDet/ComputeJFAStats/Makefile
config.status:878: creating LIA_SpkDet/ComputeJFAStats/src/Makefile
config.status:878: creating LIA_SpkDet/ComputeNorm/Makefile
config.status:878: creating LIA_SpkDet/ComputeNorm/src/Makefile
config.status:878: creating LIA_SpkDet/ComputeTest/Makefile
config.status:878: creating LIA_SpkDet/ComputeTest/src/Makefile
config.status:878: creating LIA_SpkDet/CovIntra/Makefile
config.status:878: creating LIA_SpkDet/CovIntra/src/Makefile
config.status:878: creating LIA_SpkDet/CovIntra/src/SVDLIBC/Makefile
config.status:878: creating LIA_SpkDet/EigenChannel/Makefile
config.status:878: creating LIA_SpkDet/EigenChannel/src/Makefile
config.status:878: creating LIA_SpkDet/EigenVoice/Makefile
config.status:878: creating LIA_SpkDet/EigenVoice/src/Makefile
config.status:878: creating LIA_SpkDet/EstimateDMatrix/Makefile
config.status:878: creating LIA_SpkDet/EstimateDMatrix/src/Makefile
config.status:878: creating LIA_SpkDet/EnergyDetector/Makefile
config.status:878: creating LIA_SpkDet/EnergyDetector/src/Makefile
config.status:878: creating LIA_SpkDet/IvExtractor/Makefile
config.status:878: creating LIA_SpkDet/IvExtractor/src/Makefile
config.status:878: creating LIA_SpkDet/IvNorm/Makefile
config.status:878: creating LIA_SpkDet/IvNorm/src/Makefile
config.status:878: creating LIA_SpkDet/IvTest/Makefile
config.status:878: creating LIA_SpkDet/IvTest/src/Makefile
config.status:878: creating LIA_SpkDet/NormFeat/Makefile
config.status:878: creating LIA_SpkDet/NormFeat/src/Makefile
config.status:878: creating LIA_SpkDet/NormFeatWindowMode/Makefile
config.status:878: creating LIA_SpkDet/NormFeatWindowMode/src/Makefile
config.status:878: creating LIA_SpkDet/PLDA/Makefile
config.status:878: creating LIA_SpkDet/PLDA/src/Makefile
config.status:878: creating LIA_SpkDet/RemoteSpkDet/Makefile
config.status:878: creating LIA_SpkDet/RemoteSpkDet/src/Makefile
config.status:878: creating LIA_SpkDet/RemoteSpkDet/Client/Makefile
config.status:878: creating LIA_SpkDet/ShiftedDeltaFeat/Makefile
config.status:878: creating LIA_SpkDet/ShiftedDeltaFeat/src/Makefile
config.status:878: creating LIA_SpkDet/SpkAdapt/Makefile
config.status:878: creating LIA_SpkDet/SpkAdapt/src/Makefile
config.status:878: creating LIA_SpkDet/TotalVariability/Makefile
config.status:878: creating LIA_SpkDet/TotalVariability/src/Makefile
config.status:878: creating LIA_SpkDet/TrainTarget/Makefile
config.status:878: creating LIA_SpkDet/TrainTarget/src/Makefile
config.status:878: creating LIA_Utils/Makefile
config.status:878: creating LIA_Utils/ExtractParams/Makefile
config.status:878: creating LIA_Utils/ExtractParams/src/Makefile
config.status:878: creating LIA_Utils/FusionScore/Makefile
config.status:878: creating LIA_Utils/FusionScore/src/Makefile
config.status:878: creating LIA_Utils/Hist/Makefile
config.status:878: creating LIA_Utils/Hist/src/Makefile
config.status:878: creating LIA_Utils/LabelFusion/Makefile
config.status:878: creating LIA_Utils/LabelFusion/src/Makefile
config.status:878: creating LIA_Utils/NAPSV/Makefile
config.status:878: creating LIA_Utils/NAPSV/src/Makefile
config.status:878: creating LIA_Utils/PolyExp/Makefile
config.status:878: creating LIA_Utils/PolyExp/src/Makefile
config.status:878: creating LIA_Utils/ReadFeatFile/Makefile
config.status:878: creating LIA_Utils/ReadFeatFile/src/Makefile
config.status:878: creating LIA_Utils/ReadModel/Makefile
config.status:878: creating LIA_Utils/ReadModel/src/Makefile
config.status:878: creating LIA_Utils/ScoreWarp/Makefile
config.status:878: creating LIA_Utils/ScoreWarp/src/Makefile
config.status:878: creating LIA_Utils/Scoring/Makefile
config.status:878: creating LIA_Utils/Scoring/src/Makefile
config.status:878: creating LIA_Utils/Svm/Makefile
config.status:878: creating LIA_Utils/Svm/src/Makefile
config.status:878: creating LIA_Utils/TimeCluster/Makefile
config.status:878: creating LIA_Utils/TimeCluster/src/Makefile
config.status:878: creating LIA_Utils/ModelToSv/Makefile
config.status:878: creating LIA_Utils/ModelToSv/src/Makefile
config.status:878: creating LIA_SpkSeg/Makefile
config.status:878: creating LIA_SpkSeg/AcousticSegmentation/Makefile
config.status:878: creating LIA_SpkSeg/AcousticSegmentation/src/Makefile
config.status:878: creating LIA_SpkSeg/ReSegmentation/Makefile
config.status:878: creating LIA_SpkSeg/ReSegmentation/src/Makefile
config.status:878: creating LIA_SpkSeg/Segmentation/Makefile
config.status:878: creating LIA_SpkSeg/Segmentation/src/Makefile
config.status:878: creating LIA_SpkSeg/TurnDetection/Makefile
config.status:878: creating LIA_SpkSeg/TurnDetection/src/Makefile
config.status:878: creating Makefile
config.status:1041: executing depfiles commands
config.status:1041: executing mkdir commands

## ---------------- ##
## Cache variables. ##
## ---------------- ##

ac_cv_c_compiler_gnu=yes
ac_cv_c_const=yes
ac_cv_c_inline=inline
ac_cv_c_volatile=yes
ac_cv_cxx_compiler_gnu=yes
ac_cv_env_CCC_set=
ac_cv_env_CCC_value=
ac_cv_env_CC_set=
ac_cv_env_CC_value=
ac_cv_env_CFLAGS_set=
ac_cv_env_CFLAGS_value=
ac_cv_env_CPPFLAGS_set=
ac_cv_env_CPPFLAGS_value=
ac_cv_env_CPP_set=
ac_cv_env_CPP_value=
ac_cv_env_CXXFLAGS_set=
ac_cv_env_CXXFLAGS_value=
ac_cv_env_CXX_set=
ac_cv_env_CXX_value=
ac_cv_env_LDFLAGS_set=
ac_cv_env_LDFLAGS_value=
ac_cv_env_LIBS_set=
ac_cv_env_LIBS_value=
ac_cv_env_build_alias_set=
ac_cv_env_build_alias_value=
ac_cv_env_host_alias_set=
ac_cv_env_host_alias_value=
ac_cv_env_target_alias_set=
ac_cv_env_target_alias_value=
ac_cv_file__Users_xiaozhuo_Documents_ALIZE_LIA_RAL____alize_core_lib_libalize_Darwin_x86_64_a=yes
ac_cv_file__Users_xiaozhuo_Documents_ALIZE_LIA_RAL____alize_core_lib_libalize_a=no
ac_cv_func__doprnt=no
ac_cv_func_floor=yes
ac_cv_func_lstat_dereferences_slashed_symlink=no
ac_cv_func_malloc_0_nonnull=yes
ac_cv_func_memmove=yes
ac_cv_func_memset=yes
ac_cv_func_pow=yes
ac_cv_func_realloc_0_nonnull=yes
ac_cv_func_sqrt=yes
ac_cv_func_stat_empty_string_bug=no
ac_cv_func_strcasecmp=yes
ac_cv_func_strdup=yes
ac_cv_func_vprintf=yes
ac_cv_header_fcntl_h=yes
ac_cv_header_float_h=yes
ac_cv_header_inttypes_h=yes
ac_cv_header_memory_h=yes
ac_cv_header_netinet_in_h=yes
ac_cv_header_stdbool_h=yes
ac_cv_header_stdc=yes
ac_cv_header_stdint_h=yes
ac_cv_header_stdlib_h=yes
ac_cv_header_string_h=yes
ac_cv_header_strings_h=yes
ac_cv_header_sys_stat_h=yes
ac_cv_header_sys_time_h=yes
ac_cv_header_sys_types_h=yes
ac_cv_header_unistd_h=yes
ac_cv_objext=o
ac_cv_path_EGREP='/usr/bin/grep -E'
ac_cv_path_GREP=/usr/bin/grep
ac_cv_path_install='/usr/bin/install -c'
ac_cv_prog_AWK=awk
ac_cv_prog_CPP='gcc -E'
ac_cv_prog_ac_ct_CC=gcc
ac_cv_prog_ac_ct_CXX=g++
ac_cv_prog_ac_ct_RANLIB=ranlib
ac_cv_prog_cc_c89=
ac_cv_prog_cc_g=yes
ac_cv_prog_cxx_g=yes
ac_cv_prog_make_make_set=yes
ac_cv_type__Bool=yes
am_cv_CC_dependencies_compiler_type=gcc3
am_cv_CXX_dependencies_compiler_type=gcc3

## ----------------- ##
## Output variables. ##
## ----------------- ##

ACLOCAL='${SHELL} /Users/xiaozhuo/Documents/ALIZE/LIA_RAL/missing --run aclocal-1.11'
ALIZE_PATH='/Users/xiaozhuo/Documents/ALIZE/LIA_RAL/../alize-core'
AMDEPBACKSLASH='\'
AMDEP_FALSE='#'
AMDEP_TRUE=''
AMTAR='${SHELL} /Users/xiaozhuo/Documents/ALIZE/LIA_RAL/missing --run tar'
ARCH='x86_64'
AUTOCONF='${SHELL} /Users/xiaozhuo/Documents/ALIZE/LIA_RAL/missing --run autoconf'
AUTOHEADER='${SHELL} /Users/xiaozhuo/Documents/ALIZE/LIA_RAL/missing --run autoheader'
AUTOMAKE='${SHELL} /Users/xiaozhuo/Documents/ALIZE/LIA_RAL/missing --run automake-1.11'
AWK='awk'
CC='gcc'
CCDEPMODE='depmode=gcc3'
CFLAGS='-g -O2'
CPP='gcc -E'
CPPFLAGS=''
CXX='g++'
CXXDEPMODE='depmode=gcc3'
CXXFLAGS='-O3 -ffast-math'
CYGPATH_W='echo'
DEBUG=''
DEFS='-DPACKAGE_NAME=\"LIA_RAL\" -DPACKAGE_TARNAME=\"lia_ral\" -DPACKAGE_VERSION=\"3.0\" -DPACKAGE_STRING=\"LIA_RAL\ 3.0\" -DPACKAGE_BUGREPORT=\"dev-alize@listes.univ-avignon.fr\" -DPACKAGE_URL=\"\" -DPACKAGE=\"lia_ral\" -DVERSION=\"3.0\" -DSTDC_HEADERS=1 -DHAVE_SYS_TYPES_H=1 -DHAVE_SYS_STAT_H=1 -DHAVE_STDLIB_H=1 -DHAVE_STRING_H=1 -DHAVE_MEMORY_H=1 -DHAVE_STRINGS_H=1 -DHAVE_INTTYPES_H=1 -DHAVE_STDINT_H=1 -DHAVE_UNISTD_H=1 -DSTDC_HEADERS=1 -DHAVE_FCNTL_H=1 -DHAVE_FLOAT_H=1 -DHAVE_NETINET_IN_H=1 -DHAVE_STDLIB_H=1 -DHAVE_STRING_H=1 -DHAVE_STRINGS_H=1 -DHAVE_SYS_TIME_H=1 -DHAVE_UNISTD_H=1 -DHAVE__BOOL=1 -DHAVE_STDBOOL_H=1 -DHAVE_STDLIB_H=1 -DHAVE_MALLOC=1 -DHAVE_STDLIB_H=1 -DHAVE_REALLOC=1 -DHAVE_VPRINTF=1 -DHAVE_FLOOR=1 -DHAVE_MEMMOVE=1 -DHAVE_MEMSET=1 -DHAVE_POW=1 -DHAVE_SQRT=1 -DHAVE_STRCASECMP=1 -DHAVE_STRDUP=1'
DEPDIR='.deps'
ECHO_C='\c'
ECHO_N=''
ECHO_T=''
EGREP='/usr/bin/grep -E'
EXEEXT=''
GREP='/usr/bin/grep'
INSTALL_DATA='${INSTALL} -m 644'
INSTALL_PROGRAM='${INSTALL}'
INSTALL_SCRIPT='${INSTALL}'
INSTALL_STRIP_PROGRAM='$(install_sh) -c -s'
LAPACK_PATH='/Users/xiaozhuo/Documents/ALIZE/LIA_RAL/../lapack'
LDFLAGS=''
LIBLAPACK=''
LIBOBJS=' ${LIBOBJDIR}lstat$U.o'
LIBS=''
LIBSPRO=''
LIBTHREAD=''
LN_S='ln -s'
LTLIBOBJS=' ${LIBOBJDIR}lstat$U.lo'
MAKEINFO='${SHELL} /Users/xiaozhuo/Documents/ALIZE/LIA_RAL/missing --run makeinfo'
MKDIR_P='./install-sh -c -d'
OBJEXT='o'
OS='Darwin'
PACKAGE='lia_ral'
PACKAGE_BUGREPORT='dev-alize@listes.univ-avignon.fr'
PACKAGE_NAME='LIA_RAL'
PACKAGE_STRING='LIA_RAL 3.0'
PACKAGE_TARNAME='lia_ral'
PACKAGE_URL=''
PACKAGE_VERSION='3.0'
PATH_SEPARATOR=':'
RANLIB='ranlib'
SET_MAKE=''
SHELL='/bin/sh'
SPRO_INCLUDE_PATH=''
SPRO_LIB_PATH=''
STRIP=''
VERSION='3.0'
ac_ct_CC='gcc'
ac_ct_CXX='g++'
am__EXEEXT_FALSE=''
am__EXEEXT_TRUE='#'
am__fastdepCC_FALSE='#'
am__fastdepCC_TRUE=''
am__fastdepCXX_FALSE='#'
am__fastdepCXX_TRUE=''
am__include='include'
am__isrc=''
am__leading_dot='.'
am__quote=''
am__tar='${AMTAR} chof - "$$tardir"'
am__untar='${AMTAR} xf -'
bindir='${exec_prefix}/bin'
build_alias=''
datadir='${datarootdir}'
datarootdir='${prefix}/share'
docdir='${datarootdir}/doc/${PACKAGE_TARNAME}'
dvidir='${docdir}'
exec_prefix='${prefix}'
host_alias=''
htmldir='${docdir}'
includedir='${prefix}/include'
infodir='${datarootdir}/info'
install_sh='${SHELL} /Users/xiaozhuo/Documents/ALIZE/LIA_RAL/install-sh'
lib_alize='-lalize_Darwin_x86_64'
libdir='${exec_prefix}/lib'
libexecdir='${exec_prefix}/libexec'
localedir='${datarootdir}/locale'
localstatedir='${prefix}/var'
mandir='${datarootdir}/man'
mkdir_p='$(top_builddir)/./install-sh -c -d'
oldincludedir='/usr/include'
pdfdir='${docdir}'
prefix='/usr/local'
program_transform_name='s,x,x,'
psdir='${docdir}'
sbindir='${exec_prefix}/sbin'
sharedstatedir='${prefix}/com'
sysconfdir='${prefix}/etc'
target_alias=''

## ----------- ##
## confdefs.h. ##
## ----------- ##

/* confdefs.h */
#define PACKAGE_NAME "LIA_RAL"
#define PACKAGE_TARNAME "lia_ral"
#define PACKAGE_VERSION "3.0"
#define PACKAGE_STRING "LIA_RAL 3.0"
#define PACKAGE_BUGREPORT "dev-alize@listes.univ-avignon.fr"
#define PACKAGE_URL ""
#define PACKAGE "lia_ral"
#define VERSION "3.0"
#define STDC_HEADERS 1
#define HAVE_SYS_TYPES_H 1
#define HAVE_SYS_STAT_H 1
#define HAVE_STDLIB_H 1
#define HAVE_STRING_H 1
#define HAVE_MEMORY_H 1
#define HAVE_STRINGS_H 1
#define HAVE_INTTYPES_H 1
#define HAVE_STDINT_H 1
#define HAVE_UNISTD_H 1
#define STDC_HEADERS 1
#define HAVE_FCNTL_H 1
#define HAVE_FLOAT_H 1
#define HAVE_NETINET_IN_H 1
#define HAVE_STDLIB_H 1
#define HAVE_STRING_H 1
#define HAVE_STRINGS_H 1
#define HAVE_SYS_TIME_H 1
#define HAVE_UNISTD_H 1
#define HAVE__BOOL 1
#define HAVE_STDBOOL_H 1
#define HAVE_STDLIB_H 1
#define HAVE_MALLOC 1
#define HAVE_STDLIB_H 1
#define HAVE_REALLOC 1
#define HAVE_VPRINTF 1
#define HAVE_FLOOR 1
#define HAVE_MEMMOVE 1
#define HAVE_MEMSET 1
#define HAVE_POW 1
#define HAVE_SQRT 1
#define HAVE_STRCASECMP 1
#define HAVE_STRDUP 1

configure: exit 0
