This file contains any messages produced by compilers while
running configure, to aid debugging if configure makes a mistake.

It was created by libalize configure 3.0, which was
generated by GNU Autoconf 2.65.  Invocation command line was

  $ ./configure 

## --------- ##
## Platform. ##
## --------- ##

hostname = xiaozhuodeMacBook-Pro.local
uname -m = x86_64
uname -r = 16.0.0
uname -s = Darwin
uname -v = Darwin Kernel Version 16.0.0: Mon Aug 29 17:56:10 PDT 2016; root:xnu-3789.1.32~4/RELEASE_X86_64

/usr/bin/uname -p = i386
/bin/uname -X     = unknown

/bin/arch              = unknown
/usr/bin/arch -k       = unknown
/usr/convex/getsysinfo = unknown
/usr/bin/hostinfo      = Mach kernel version:
	 Darwin Kernel Version 16.0.0: Mon Aug 29 17:56:10 PDT 2016; root:xnu-3789.1.32~4/RELEASE_X86_64
Kernel configured for up to 4 processors.
2 processors are physically available.
4 processors are logically available.
Processor type: x86_64h (Intel x86-64h Haswell)
Processors active: 0 1 2 3
Primary memory available: 8.00 gigabytes
Default processor set: 214 tasks, 854 threads, 4 processors
Load average: 1.72, Mach factor: 2.27
/bin/machine           = unknown
/usr/bin/oslevel       = unknown
/bin/universe          = unknown

PATH: /usr/local/bin
PATH: /usr/bin
PATH: /bin
PATH: /usr/sbin
PATH: /sbin


## ----------- ##
## Core tests. ##
## ----------- ##

configure:2388: checking for a BSD-compatible install
configure:2456: result: /usr/bin/install -c
configure:2467: checking whether build environment is sane
configure:2517: result: yes
configure:2658: checking for a thread-safe mkdir -p
configure:2697: result: ./install-sh -c -d
configure:2710: checking for gawk
configure:2740: result: no
configure:2710: checking for mawk
configure:2740: result: no
configure:2710: checking for nawk
configure:2740: result: no
configure:2710: checking for awk
configure:2726: found /usr/bin/awk
configure:2737: result: awk
configure:2748: checking whether make sets $(MAKE)
configure:2770: result: yes
configure:2909: checking for g++
configure:2925: found /usr/bin/g++
configure:2936: result: g++
configure:2963: checking for C++ compiler version
configure:2972: g++ --version >&5
Apple LLVM version 8.1.0 (clang-802.0.38)
Target: x86_64-apple-darwin16.0.0
Thread model: posix
InstalledDir: /Applications/Xcode.app/Contents/Developer/Toolchains/XcodeDefault.xctoolchain/usr/bin
Configured with: --prefix=/Applications/Xcode.app/Contents/Developer/usr --with-gxx-include-dir=/Applications/Xcode.app/Contents/Developer/Platforms/MacOSX.platform/Developer/SDKs/MacOSX10.12.sdk/usr/include/c++/4.2.1
configure:2983: $? = 0
configure:2972: g++ -v >&5
Configured with: --prefix=/Applications/Xcode.app/Contents/Developer/usr --with-gxx-include-dir=/Applications/Xcode.app/Contents/Developer/Platforms/MacOSX.platform/Developer/SDKs/MacOSX10.12.sdk/usr/include/c++/4.2.1
Apple LLVM version 8.1.0 (clang-802.0.38)
Target: x86_64-apple-darwin16.0.0
Thread model: posix
InstalledDir: /Applications/Xcode.app/Contents/Developer/Toolchains/XcodeDefault.xctoolchain/usr/bin
configure:2983: $? = 0
configure:2972: g++ -V >&5
clang: error: argument to '-V' is missing (expected 1 value)
clang: error: no input files
configure:2983: $? = 1
configure:2972: g++ -qversion >&5
clang: error: unknown argument: '-qversion'
clang: error: no input files
configure:2983: $? = 1
configure:3003: checking whether the C++ compiler works
configure:3025: g++    conftest.cpp  >&5
configure:3029: $? = 0
configure:3078: result: yes
configure:3081: checking for C++ compiler default output file name
configure:3083: result: a.out
configure:3089: checking for suffix of executables
configure:3096: g++ -o conftest    conftest.cpp  >&5
configure:3100: $? = 0
configure:3122: result: 
configure:3144: checking whether we are cross compiling
configure:3152: g++ -o conftest    conftest.cpp  >&5
configure:3156: $? = 0
configure:3163: ./conftest
configure:3167: $? = 0
configure:3182: result: no
configure:3187: checking for suffix of object files
configure:3209: g++ -c   conftest.cpp >&5
configure:3213: $? = 0
configure:3234: result: o
configure:3238: checking whether we are using the GNU C++ compiler
configure:3257: g++ -c   conftest.cpp >&5
configure:3257: $? = 0
configure:3266: result: yes
configure:3275: checking whether g++ accepts -g
configure:3295: g++ -c -g  conftest.cpp >&5
configure:3295: $? = 0
configure:3336: result: yes
configure:3370: checking for style of include used by make
configure:3398: result: GNU
configure:3423: checking dependency style of g++
configure:3533: result: gcc3
configure:3577: checking build system type
configure:3591: result: i386-apple-darwin16.0.0
configure:3611: checking host system type
configure:3624: result: i386-apple-darwin16.0.0
configure:3692: checking for gcc
configure:3708: found /usr/bin/gcc
configure:3719: result: gcc
configure:3948: checking for C compiler version
configure:3957: gcc --version >&5
Apple LLVM version 8.1.0 (clang-802.0.38)
Target: x86_64-apple-darwin16.0.0
Thread model: posix
InstalledDir: /Applications/Xcode.app/Contents/Developer/Toolchains/XcodeDefault.xctoolchain/usr/bin
Configured with: --prefix=/Applications/Xcode.app/Contents/Developer/usr --with-gxx-include-dir=/Applications/Xcode.app/Contents/Developer/Platforms/MacOSX.platform/Developer/SDKs/MacOSX10.12.sdk/usr/include/c++/4.2.1
configure:3968: $? = 0
configure:3957: gcc -v >&5
Configured with: --prefix=/Applications/Xcode.app/Contents/Developer/usr --with-gxx-include-dir=/Applications/Xcode.app/Contents/Developer/Platforms/MacOSX.platform/Developer/SDKs/MacOSX10.12.sdk/usr/include/c++/4.2.1
Apple LLVM version 8.1.0 (clang-802.0.38)
Target: x86_64-apple-darwin16.0.0
Thread model: posix
InstalledDir: /Applications/Xcode.app/Contents/Developer/Toolchains/XcodeDefault.xctoolchain/usr/bin
configure:3968: $? = 0
configure:3957: gcc -V >&5
clang: error: argument to '-V' is missing (expected 1 value)
clang: error: no input files
configure:3968: $? = 1
configure:3957: gcc -qversion >&5
clang: error: unknown argument: '-qversion'
clang: error: no input files
configure:3968: $? = 1
configure:3972: checking whether we are using the GNU C compiler
configure:3991: gcc -c   conftest.c >&5
configure:3991: $? = 0
configure:4000: result: yes
configure:4009: checking whether gcc accepts -g
configure:4029: gcc -c -g  conftest.c >&5
configure:4029: $? = 0
configure:4070: result: yes
configure:4087: checking for gcc option to accept ISO C89
configure:4151: gcc  -c -g -O2  conftest.c >&5
configure:4151: $? = 0
configure:4164: result: none needed
configure:4186: checking dependency style of gcc
configure:4296: result: gcc3
configure:4311: checking for a sed that does not truncate output
configure:4375: result: /usr/bin/sed
configure:4393: checking for grep that handles long lines and -e
configure:4451: result: /usr/bin/grep
configure:4456: checking for egrep
configure:4518: result: /usr/bin/grep -E
configure:4523: checking for fgrep
configure:4585: result: /usr/bin/grep -F
configure:4620: checking for ld used by gcc
configure:4687: result: /Applications/Xcode.app/Contents/Developer/Toolchains/XcodeDefault.xctoolchain/usr/bin/ld
configure:4694: checking if the linker (/Applications/Xcode.app/Contents/Developer/Toolchains/XcodeDefault.xctoolchain/usr/bin/ld) is GNU ld
configure:4709: result: no
configure:4721: checking for BSD- or MS-compatible name lister (nm)
configure:4770: result: /usr/bin/nm -B
configure:4888: checking the name lister (/usr/bin/nm -B) interface
configure:4895: gcc -c -g -O2  conftest.c >&5
configure:4898: /usr/bin/nm -B "conftest.o"
configure:4901: output
00000000000001f8 S _some_variable
configure:4908: result: BSD nm
configure:4911: checking whether ln -s works
configure:4915: result: yes
configure:4923: checking the maximum length of command line arguments
configure:5043: result: 196608
configure:5060: checking whether the shell understands some XSI constructs
configure:5070: result: yes
configure:5074: checking whether the shell understands "+="
configure:5080: result: yes
configure:5115: checking for /Applications/Xcode.app/Contents/Developer/Toolchains/XcodeDefault.xctoolchain/usr/bin/ld option to reload object files
configure:5122: result: -r
configure:5191: checking for objdump
configure:5207: found /usr/bin/objdump
configure:5218: result: objdump
configure:5250: checking how to recognize dependent libraries
configure:5446: result: pass_all
configure:5506: checking for ar
configure:5522: found /usr/bin/ar
configure:5533: result: ar
configure:5611: checking for strip
configure:5627: found /usr/bin/strip
configure:5638: result: strip
configure:5710: checking for ranlib
configure:5726: found /usr/bin/ranlib
configure:5737: result: ranlib
configure:5827: checking command to parse /usr/bin/nm -B output from gcc object
configure:5945: gcc -c -g -O2  conftest.c >&5
configure:5948: $? = 0
configure:5952: /usr/bin/nm -B conftest.o \| sed -n -e 's/^.*[	 ]\([BCDEGRST][BCDEGRST]*\)[	 ][	 ]*\([_A-Za-z][_A-Za-z0-9]*\)$/\1 \2 \2/p' \> conftest.nm
configure:5955: $? = 0
cannot find nm_test_var in conftest.nm
configure:5945: gcc -c -g -O2  conftest.c >&5
configure:5948: $? = 0
configure:5952: /usr/bin/nm -B conftest.o \| sed -n -e 's/^.*[	 ]\([BCDEGRST][BCDEGRST]*\)[	 ][	 ]*_\([_A-Za-z][_A-Za-z0-9]*\)$/\1 _\2 \2/p' \> conftest.nm
configure:5955: $? = 0
configure:6009: gcc -o conftest -g -O2   conftest.c conftstm.o >&5
warning: (x86_64)  could not find object file symbol for symbol _main
configure:6012: $? = 0
configure:6050: result: ok
configure:6315: checking for dsymutil
configure:6331: found /usr/bin/dsymutil
configure:6342: result: dsymutil
configure:6407: checking for nmedit
configure:6423: found /usr/bin/nmedit
configure:6434: result: nmedit
configure:6499: checking for lipo
configure:6515: found /usr/bin/lipo
configure:6526: result: lipo
configure:6591: checking for otool
configure:6607: found /usr/bin/otool
configure:6618: result: otool
configure:6683: checking for otool64
configure:6713: result: no
configure:6758: checking for -single_module linker flag
gcc -g -O2  -o libconftest.dylib -dynamiclib -Wl,-single_module conftest.c
configure:6785: result: yes
configure:6787: checking for -exported_symbols_list linker flag
configure:6807: gcc -o conftest -g -O2   -Wl,-exported_symbols_list,conftest.sym conftest.c  >&5
configure:6807: $? = 0
configure:6817: result: yes
configure:6859: checking how to run the C preprocessor
configure:6890: gcc -E  conftest.c
configure:6890: $? = 0
configure:6904: gcc -E  conftest.c
conftest.c:11:10: fatal error: 'ac_nonexistent.h' file not found
#include <ac_nonexistent.h>
         ^
1 error generated.
configure:6904: $? = 1
configure: failed program was:
| /* confdefs.h */
| #define PACKAGE_NAME "libalize"
| #define PACKAGE_TARNAME "libalize"
| #define PACKAGE_VERSION "3.0"
| #define PACKAGE_STRING "libalize 3.0"
| #define PACKAGE_BUGREPORT "dev-alize@listes.univ-avignon.fr"
| #define PACKAGE_URL ""
| #define PACKAGE "libalize"
| #define VERSION "3.0"
| /* end confdefs.h.  */
| #include <ac_nonexistent.h>
configure:6929: result: gcc -E
configure:6949: gcc -E  conftest.c
configure:6949: $? = 0
configure:6963: gcc -E  conftest.c
conftest.c:11:10: fatal error: 'ac_nonexistent.h' file not found
#include <ac_nonexistent.h>
         ^
1 error generated.
configure:6963: $? = 1
configure: failed program was:
| /* confdefs.h */
| #define PACKAGE_NAME "libalize"
| #define PACKAGE_TARNAME "libalize"
| #define PACKAGE_VERSION "3.0"
| #define PACKAGE_STRING "libalize 3.0"
| #define PACKAGE_BUGREPORT "dev-alize@listes.univ-avignon.fr"
| #define PACKAGE_URL ""
| #define PACKAGE "libalize"
| #define VERSION "3.0"
| /* end confdefs.h.  */
| #include <ac_nonexistent.h>
configure:6992: checking for ANSI C header files
configure:7012: gcc -c -g -O2  conftest.c >&5
configure:7012: $? = 0
configure:7085: gcc -o conftest -g -O2   conftest.c  >&5
configure:7085: $? = 0
configure:7085: ./conftest
configure:7085: $? = 0
configure:7096: result: yes
configure:7109: checking for sys/types.h
configure:7109: gcc -c -g -O2  conftest.c >&5
configure:7109: $? = 0
configure:7109: result: yes
configure:7109: checking for sys/stat.h
configure:7109: gcc -c -g -O2  conftest.c >&5
configure:7109: $? = 0
configure:7109: result: yes
configure:7109: checking for stdlib.h
configure:7109: gcc -c -g -O2  conftest.c >&5
configure:7109: $? = 0
configure:7109: result: yes
configure:7109: checking for string.h
configure:7109: gcc -c -g -O2  conftest.c >&5
configure:7109: $? = 0
configure:7109: result: yes
configure:7109: checking for memory.h
configure:7109: gcc -c -g -O2  conftest.c >&5
configure:7109: $? = 0
configure:7109: result: yes
configure:7109: checking for strings.h
configure:7109: gcc -c -g -O2  conftest.c >&5
configure:7109: $? = 0
configure:7109: result: yes
configure:7109: checking for inttypes.h
configure:7109: gcc -c -g -O2  conftest.c >&5
configure:7109: $? = 0
configure:7109: result: yes
configure:7109: checking for stdint.h
configure:7109: gcc -c -g -O2  conftest.c >&5
configure:7109: $? = 0
configure:7109: result: yes
configure:7109: checking for unistd.h
configure:7109: gcc -c -g -O2  conftest.c >&5
configure:7109: $? = 0
configure:7109: result: yes
configure:7124: checking for dlfcn.h
configure:7124: gcc -c -g -O2  conftest.c >&5
configure:7124: $? = 0
configure:7124: result: yes
configure:7249: checking for C++ compiler version
configure:7258: g++ --version >&5
Apple LLVM version 8.1.0 (clang-802.0.38)
Target: x86_64-apple-darwin16.0.0
Thread model: posix
InstalledDir: /Applications/Xcode.app/Contents/Developer/Toolchains/XcodeDefault.xctoolchain/usr/bin
Configured with: --prefix=/Applications/Xcode.app/Contents/Developer/usr --with-gxx-include-dir=/Applications/Xcode.app/Contents/Developer/Platforms/MacOSX.platform/Developer/SDKs/MacOSX10.12.sdk/usr/include/c++/4.2.1
configure:7269: $? = 0
configure:7258: g++ -v >&5
Configured with: --prefix=/Applications/Xcode.app/Contents/Developer/usr --with-gxx-include-dir=/Applications/Xcode.app/Contents/Developer/Platforms/MacOSX.platform/Developer/SDKs/MacOSX10.12.sdk/usr/include/c++/4.2.1
Apple LLVM version 8.1.0 (clang-802.0.38)
Target: x86_64-apple-darwin16.0.0
Thread model: posix
InstalledDir: /Applications/Xcode.app/Contents/Developer/Toolchains/XcodeDefault.xctoolchain/usr/bin
configure:7269: $? = 0
configure:7258: g++ -V >&5
clang: error: argument to '-V' is missing (expected 1 value)
clang: error: no input files
configure:7269: $? = 1
configure:7258: g++ -qversion >&5
clang: error: unknown argument: '-qversion'
clang: error: no input files
configure:7269: $? = 1
configure:7273: checking whether we are using the GNU C++ compiler
configure:7301: result: yes
configure:7310: checking whether g++ accepts -g
configure:7371: result: yes
configure:7396: checking dependency style of g++
configure:7506: result: gcc3
configure:7529: checking how to run the C++ preprocessor
configure:7556: g++ -E  conftest.cpp
configure:7556: $? = 0
configure:7570: g++ -E  conftest.cpp
conftest.cpp:22:10: fatal error: 'ac_nonexistent.h' file not found
#include <ac_nonexistent.h>
         ^
1 error generated.
configure:7570: $? = 1
configure: failed program was:
| /* confdefs.h */
| #define PACKAGE_NAME "libalize"
| #define PACKAGE_TARNAME "libalize"
| #define PACKAGE_VERSION "3.0"
| #define PACKAGE_STRING "libalize 3.0"
| #define PACKAGE_BUGREPORT "dev-alize@listes.univ-avignon.fr"
| #define PACKAGE_URL ""
| #define PACKAGE "libalize"
| #define VERSION "3.0"
| #define STDC_HEADERS 1
| #define HAVE_SYS_TYPES_H 1
| #define HAVE_SYS_STAT_H 1
| #define HAVE_STDLIB_H 1
| #define HAVE_STRING_H 1
| #define HAVE_MEMORY_H 1
| #define HAVE_STRINGS_H 1
| #define HAVE_INTTYPES_H 1
| #define HAVE_STDINT_H 1
| #define HAVE_UNISTD_H 1
| #define HAVE_DLFCN_H 1
| /* end confdefs.h.  */
| #include <ac_nonexistent.h>
configure:7595: result: g++ -E
configure:7615: g++ -E  conftest.cpp
configure:7615: $? = 0
configure:7629: g++ -E  conftest.cpp
conftest.cpp:22:10: fatal error: 'ac_nonexistent.h' file not found
#include <ac_nonexistent.h>
         ^
1 error generated.
configure:7629: $? = 1
configure: failed program was:
| /* confdefs.h */
| #define PACKAGE_NAME "libalize"
| #define PACKAGE_TARNAME "libalize"
| #define PACKAGE_VERSION "3.0"
| #define PACKAGE_STRING "libalize 3.0"
| #define PACKAGE_BUGREPORT "dev-alize@listes.univ-avignon.fr"
| #define PACKAGE_URL ""
| #define PACKAGE "libalize"
| #define VERSION "3.0"
| #define STDC_HEADERS 1
| #define HAVE_SYS_TYPES_H 1
| #define HAVE_SYS_STAT_H 1
| #define HAVE_STDLIB_H 1
| #define HAVE_STRING_H 1
| #define HAVE_MEMORY_H 1
| #define HAVE_STRINGS_H 1
| #define HAVE_INTTYPES_H 1
| #define HAVE_STDINT_H 1
| #define HAVE_UNISTD_H 1
| #define HAVE_DLFCN_H 1
| /* end confdefs.h.  */
| #include <ac_nonexistent.h>
configure:7835: checking for objdir
configure:7850: result: .libs
configure:8142: checking if gcc supports -fno-rtti -fno-exceptions
configure:8160: gcc -c -g -O2  -fno-rtti -fno-exceptions conftest.c >&5
configure:8164: $? = 0
configure:8177: result: yes
configure:8197: checking for gcc option to produce PIC
configure:8469: result: -fno-common -DPIC
configure:8481: checking if gcc PIC flag -fno-common -DPIC works
configure:8499: gcc -c -g -O2  -fno-common -DPIC -DPIC conftest.c >&5
configure:8503: $? = 0
configure:8516: result: yes
configure:8540: checking if gcc static flag -static works
configure:8568: result: no
configure:8583: checking if gcc supports -c -o file.o
configure:8604: gcc -c -g -O2  -o out/conftest2.o conftest.c >&5
configure:8608: $? = 0
configure:8630: result: yes
configure:8638: checking if gcc supports -c -o file.o
configure:8685: result: yes
configure:8718: checking whether the gcc linker (/Applications/Xcode.app/Contents/Developer/Toolchains/XcodeDefault.xctoolchain/usr/bin/ld) supports shared libraries
configure:9704: result: yes
configure:9943: checking dynamic linker characteristics
configure:10594: result: darwin16.0.0 dyld
configure:10696: checking how to hardcode library paths into programs
configure:10721: result: immediate
configure:11241: checking whether stripping libraries is possible
configure:11255: result: yes
configure:11281: checking if libtool supports shared libraries
configure:11283: result: yes
configure:11286: checking whether to build shared libraries
configure:11307: result: yes
configure:11310: checking whether to build static libraries
configure:11314: result: yes
configure:11464: checking for ld used by g++
configure:11531: result: /Applications/Xcode.app/Contents/Developer/Toolchains/XcodeDefault.xctoolchain/usr/bin/ld
configure:11538: checking if the linker (/Applications/Xcode.app/Contents/Developer/Toolchains/XcodeDefault.xctoolchain/usr/bin/ld) is GNU ld
configure:11553: result: no
configure:11608: checking whether the g++ linker (/Applications/Xcode.app/Contents/Developer/Toolchains/XcodeDefault.xctoolchain/usr/bin/ld) supports shared libraries
configure:12521: result: yes
configure:12549: g++ -c -g -O2  conftest.cpp >&5
configure:12552: $? = 0
configure:12734: checking for g++ option to produce PIC
configure:13051: result: -fno-common -DPIC
configure:13060: checking if g++ PIC flag -fno-common -DPIC works
configure:13078: g++ -c -g -O2  -fno-common -DPIC -DPIC conftest.cpp >&5
configure:13082: $? = 0
configure:13095: result: yes
configure:13116: checking if g++ static flag -static works
configure:13144: result: no
configure:13156: checking if g++ supports -c -o file.o
configure:13177: g++ -c -g -O2  -o out/conftest2.o conftest.cpp >&5
configure:13181: $? = 0
configure:13203: result: yes
configure:13208: checking if g++ supports -c -o file.o
configure:13255: result: yes
configure:13285: checking whether the g++ linker (/Applications/Xcode.app/Contents/Developer/Toolchains/XcodeDefault.xctoolchain/usr/bin/ld) supports shared libraries
configure:13311: result: yes
configure:13448: checking dynamic linker characteristics
configure:14047: result: darwin16.0.0 dyld
configure:14098: checking how to hardcode library paths into programs
configure:14123: result: immediate
configure:14224: checking for ranlib
configure:14251: result: ranlib
configure:14273: checking whether make sets $(MAKE)
configure:14295: result: yes
configure:14507: creating ./config.status

## ---------------------- ##
## Running config.status. ##
## ---------------------- ##

This file was extended by libalize config.status 3.0, which was
generated by GNU Autoconf 2.65.  Invocation command line was

  CONFIG_FILES    = 
  CONFIG_HEADERS  = 
  CONFIG_LINKS    = 
  CONFIG_COMMANDS = 
  $ ./config.status 

on xiaozhuodeMacBook-Pro.local

config.status:1048: creating Makefile
config.status:1048: creating src/Makefile
config.status:1211: executing depfiles commands
config.status:1211: executing libtool commands

## ---------------- ##
## Cache variables. ##
## ---------------- ##

ac_cv_build=i386-apple-darwin16.0.0
ac_cv_c_compiler_gnu=yes
ac_cv_cxx_compiler_gnu=yes
ac_cv_env_CCC_set=
ac_cv_env_CCC_value=
ac_cv_env_CC_set=
ac_cv_env_CC_value=
ac_cv_env_CFLAGS_set=
ac_cv_env_CFLAGS_value=
ac_cv_env_CPPFLAGS_set=
ac_cv_env_CPPFLAGS_value=
ac_cv_env_CPP_set=
ac_cv_env_CPP_value=
ac_cv_env_CXXCPP_set=
ac_cv_env_CXXCPP_value=
ac_cv_env_CXXFLAGS_set=
ac_cv_env_CXXFLAGS_value=
ac_cv_env_CXX_set=
ac_cv_env_CXX_value=
ac_cv_env_LDFLAGS_set=
ac_cv_env_LDFLAGS_value=
ac_cv_env_LIBS_set=
ac_cv_env_LIBS_value=
ac_cv_env_build_alias_set=
ac_cv_env_build_alias_value=
ac_cv_env_host_alias_set=
ac_cv_env_host_alias_value=
ac_cv_env_target_alias_set=
ac_cv_env_target_alias_value=
ac_cv_header_dlfcn_h=yes
ac_cv_header_inttypes_h=yes
ac_cv_header_memory_h=yes
ac_cv_header_stdc=yes
ac_cv_header_stdint_h=yes
ac_cv_header_stdlib_h=yes
ac_cv_header_string_h=yes
ac_cv_header_strings_h=yes
ac_cv_header_sys_stat_h=yes
ac_cv_header_sys_types_h=yes
ac_cv_header_unistd_h=yes
ac_cv_host=i386-apple-darwin16.0.0
ac_cv_objext=o
ac_cv_path_EGREP='/usr/bin/grep -E'
ac_cv_path_FGREP='/usr/bin/grep -F'
ac_cv_path_GREP=/usr/bin/grep
ac_cv_path_SED=/usr/bin/sed
ac_cv_path_install='/usr/bin/install -c'
ac_cv_prog_AWK=awk
ac_cv_prog_CPP='gcc -E'
ac_cv_prog_CXXCPP='g++ -E'
ac_cv_prog_ac_ct_AR=ar
ac_cv_prog_ac_ct_CC=gcc
ac_cv_prog_ac_ct_CXX=g++
ac_cv_prog_ac_ct_DSYMUTIL=dsymutil
ac_cv_prog_ac_ct_LIPO=lipo
ac_cv_prog_ac_ct_NMEDIT=nmedit
ac_cv_prog_ac_ct_OBJDUMP=objdump
ac_cv_prog_ac_ct_OTOOL=otool
ac_cv_prog_ac_ct_RANLIB=ranlib
ac_cv_prog_ac_ct_STRIP=strip
ac_cv_prog_cc_c89=
ac_cv_prog_cc_g=yes
ac_cv_prog_cxx_g=yes
ac_cv_prog_make_make_set=yes
am_cv_CC_dependencies_compiler_type=gcc3
am_cv_CXX_dependencies_compiler_type=gcc3
lt_cv_apple_cc_single_mod=yes
lt_cv_deplibs_check_method=pass_all
lt_cv_file_magic_cmd='$MAGIC_CMD'
lt_cv_file_magic_test_file=
lt_cv_ld_exported_symbols_list=yes
lt_cv_ld_reload_flag=-r
lt_cv_nm_interface='BSD nm'
lt_cv_objdir=.libs
lt_cv_path_LD=/Applications/Xcode.app/Contents/Developer/Toolchains/XcodeDefault.xctoolchain/usr/bin/ld
lt_cv_path_LDCXX=/Applications/Xcode.app/Contents/Developer/Toolchains/XcodeDefault.xctoolchain/usr/bin/ld
lt_cv_path_NM='/usr/bin/nm -B'
lt_cv_prog_compiler_c_o=yes
lt_cv_prog_compiler_c_o_CXX=yes
lt_cv_prog_compiler_pic_works=yes
lt_cv_prog_compiler_pic_works_CXX=yes
lt_cv_prog_compiler_rtti_exceptions=yes
lt_cv_prog_compiler_static_works=no
lt_cv_prog_compiler_static_works_CXX=no
lt_cv_prog_gnu_ld=no
lt_cv_prog_gnu_ldcxx=no
lt_cv_sys_global_symbol_pipe='sed -n -e '\''s/^.*[	 ]\([BCDEGRST][BCDEGRST]*\)[	 ][	 ]*_\([_A-Za-z][_A-Za-z0-9]*\)$/\1 _\2 \2/p'\'''
lt_cv_sys_global_symbol_to_c_name_address='sed -n -e '\''s/^: \([^ ]*\) $/  {\"\1\", (void *) 0},/p'\'' -e '\''s/^[BCDEGRST]* \([^ ]*\) \([^ ]*\)$/  {"\2", (void *) \&\2},/p'\'''
lt_cv_sys_global_symbol_to_c_name_address_lib_prefix='sed -n -e '\''s/^: \([^ ]*\) $/  {\"\1\", (void *) 0},/p'\'' -e '\''s/^[BCDEGRST]* \([^ ]*\) \(lib[^ ]*\)$/  {"\2", (void *) \&\2},/p'\'' -e '\''s/^[BCDEGRST]* \([^ ]*\) \([^ ]*\)$/  {"lib\2", (void *) \&\2},/p'\'''
lt_cv_sys_global_symbol_to_cdecl='sed -n -e '\''s/^T .* \(.*\)$/extern int \1();/p'\'' -e '\''s/^[BCDEGRST]* .* \(.*\)$/extern char \1;/p'\'''
lt_cv_sys_max_cmd_len=196608

## ----------------- ##
## Output variables. ##
## ----------------- ##

ACLOCAL='${SHELL} /Users/xiaozhuo/Documents/ALIZE/alize-core/missing --run aclocal-1.11'
AMDEPBACKSLASH='\'
AMDEP_FALSE='#'
AMDEP_TRUE=''
AMTAR='${SHELL} /Users/xiaozhuo/Documents/ALIZE/alize-core/missing --run tar'
AR='ar'
ARCH='x86_64'
AUTOCONF='${SHELL} /Users/xiaozhuo/Documents/ALIZE/alize-core/missing --run autoconf'
AUTOHEADER='${SHELL} /Users/xiaozhuo/Documents/ALIZE/alize-core/missing --run autoheader'
AUTOMAKE='${SHELL} /Users/xiaozhuo/Documents/ALIZE/alize-core/missing --run automake-1.11'
AWK='awk'
CC='gcc'
CCDEPMODE='depmode=gcc3'
CFLAGS='-g -O2'
CPP='gcc -E'
CPPFLAGS=''
CXX='g++'
CXXCPP='g++ -E'
CXXDEPMODE='depmode=gcc3'
CXXFLAGS='-O3 -ffast-math'
CYGPATH_W='echo'
DEBUG=''
DEFS='-DPACKAGE_NAME=\"libalize\" -DPACKAGE_TARNAME=\"libalize\" -DPACKAGE_VERSION=\"3.0\" -DPACKAGE_STRING=\"libalize\ 3.0\" -DPACKAGE_BUGREPORT=\"dev-alize@listes.univ-avignon.fr\" -DPACKAGE_URL=\"\" -DPACKAGE=\"libalize\" -DVERSION=\"3.0\" -DSTDC_HEADERS=1 -DHAVE_SYS_TYPES_H=1 -DHAVE_SYS_STAT_H=1 -DHAVE_STDLIB_H=1 -DHAVE_STRING_H=1 -DHAVE_MEMORY_H=1 -DHAVE_STRINGS_H=1 -DHAVE_INTTYPES_H=1 -DHAVE_STDINT_H=1 -DHAVE_UNISTD_H=1 -DHAVE_DLFCN_H=1 -DLT_OBJDIR=\".libs/\"'
DEPDIR='.deps'
DSYMUTIL='dsymutil'
DUMPBIN=''
ECHO_C='\c'
ECHO_N=''
ECHO_T=''
EGREP='/usr/bin/grep -E'
EXEEXT=''
FGREP='/usr/bin/grep -F'
GREP='/usr/bin/grep'
INSTALL_DATA='${INSTALL} -m 644'
INSTALL_PROGRAM='${INSTALL}'
INSTALL_SCRIPT='${INSTALL}'
INSTALL_STRIP_PROGRAM='$(install_sh) -c -s'
LD='/Applications/Xcode.app/Contents/Developer/Toolchains/XcodeDefault.xctoolchain/usr/bin/ld'
LDFLAGS=''
LIBOBJS=''
LIBS=''
LIBTOOL='$(SHELL) $(top_builddir)/libtool'
LIPO='lipo'
LN_S='ln -s'
LTLIBOBJS=''
MAKEINFO='${SHELL} /Users/xiaozhuo/Documents/ALIZE/alize-core/missing --run makeinfo'
MKDIR_P='./install-sh -c -d'
NM='/usr/bin/nm -B'
NMEDIT='nmedit'
OBJDUMP='objdump'
OBJEXT='o'
OS='Darwin'
OTOOL64=':'
OTOOL='otool'
PACKAGE='libalize'
PACKAGE_BUGREPORT='dev-alize@listes.univ-avignon.fr'
PACKAGE_NAME='libalize'
PACKAGE_STRING='libalize 3.0'
PACKAGE_TARNAME='libalize'
PACKAGE_URL=''
PACKAGE_VERSION='3.0'
PATH_SEPARATOR=':'
RANLIB='ranlib'
SED='/usr/bin/sed'
SET_MAKE=''
SHELL='/bin/sh'
STRIP='strip'
VERSION='3.0'
ac_ct_CC='gcc'
ac_ct_CXX='g++'
ac_ct_DUMPBIN=''
am__EXEEXT_FALSE=''
am__EXEEXT_TRUE='#'
am__fastdepCC_FALSE='#'
am__fastdepCC_TRUE=''
am__fastdepCXX_FALSE='#'
am__fastdepCXX_TRUE=''
am__include='include'
am__isrc=''
am__leading_dot='.'
am__quote=''
am__tar='${AMTAR} chof - "$$tardir"'
am__untar='${AMTAR} xf -'
bindir='${exec_prefix}/bin'
build='i386-apple-darwin16.0.0'
build_alias=''
build_cpu='i386'
build_os='darwin16.0.0'
build_vendor='apple'
datadir='${datarootdir}'
datarootdir='${prefix}/share'
docdir='${datarootdir}/doc/${PACKAGE_TARNAME}'
dvidir='${docdir}'
exec_prefix='${prefix}'
host='i386-apple-darwin16.0.0'
host_alias=''
host_cpu='i386'
host_os='darwin16.0.0'
host_vendor='apple'
htmldir='${docdir}'
includedir='${prefix}/include'
infodir='${datarootdir}/info'
install_sh='${SHELL} /Users/xiaozhuo/Documents/ALIZE/alize-core/install-sh'
libdir='${exec_prefix}/lib'
libexecdir='${exec_prefix}/libexec'
localedir='${datarootdir}/locale'
localstatedir='${prefix}/var'
lt_ECHO='/bin/echo'
mandir='${datarootdir}/man'
mkdir_p='$(top_builddir)/./install-sh -c -d'
oldincludedir='/usr/include'
pdfdir='${docdir}'
prefix='/usr/local'
program_transform_name='s,x,x,'
psdir='${docdir}'
sbindir='${exec_prefix}/sbin'
sharedstatedir='${prefix}/com'
sysconfdir='${prefix}/etc'
target_alias=''

## ----------- ##
## confdefs.h. ##
## ----------- ##

/* confdefs.h */
#define PACKAGE_NAME "libalize"
#define PACKAGE_TARNAME "libalize"
#define PACKAGE_VERSION "3.0"
#define PACKAGE_STRING "libalize 3.0"
#define PACKAGE_BUGREPORT "dev-alize@listes.univ-avignon.fr"
#define PACKAGE_URL ""
#define PACKAGE "libalize"
#define VERSION "3.0"
#define STDC_HEADERS 1
#define HAVE_SYS_TYPES_H 1
#define HAVE_SYS_STAT_H 1
#define HAVE_STDLIB_H 1
#define HAVE_STRING_H 1
#define HAVE_MEMORY_H 1
#define HAVE_STRINGS_H 1
#define HAVE_INTTYPES_H 1
#define HAVE_STDINT_H 1
#define HAVE_UNISTD_H 1
#define HAVE_DLFCN_H 1
#define LT_OBJDIR ".libs/"

configure: exit 0
